[0m03:11:16.613476 [debug] [MainThread]: Sending event: {'category': 'dbt', 'action': 'invocation', 'label': 'start', 'context': [<snowplow_tracker.self_describing_json.SelfDescribingJson object at 0x000001312855FBC0>, <snowplow_tracker.self_describing_json.SelfDescribingJson object at 0x000001312C39B9E0>, <snowplow_tracker.self_describing_json.SelfDescribingJson object at 0x000001312C399130>]}


============================== 03:11:16.673705 | 25432e1c-daeb-404d-9d62-5247264b9203 ==============================
[0m03:11:16.673705 [info ] [MainThread]: Running with dbt=1.11.7
[0m03:11:16.673705 [debug] [MainThread]: running dbt with arguments {'version_check': 'True', 'no_print': 'None', 'static_parser': 'True', 'warn_error_options': 'WarnErrorOptionsV2(error=[], warn=[], silence=[])', 'target_path': 'None', 'printer_width': '80', 'write_json': 'True', 'introspect': 'True', 'log_cache_events': 'False', 'empty': 'None', 'cache_selected_only': 'False', 'log_format': 'default', 'debug': 'False', 'fail_fast': 'False', 'profiles_dir': 'C:\\Users\\MSI\\.dbt', 'send_anonymous_usage_stats': 'True', 'quiet': 'False', 'warn_error': 'None', 'partial_parse': 'True', 'invocation_command': 'dbt init', 'use_colors': 'True', 'indirect_selection': 'eager', 'use_experimental_parser': 'False', 'log_path': 'logs'}
[0m03:16:20.384134 [debug] [MainThread]: Starter project path: C:\Users\MSI\Dropbox\Mon PC (DESKTOP-LC36MF4)\Desktop\banking-insights-pipeline\dbt\.venv\Lib\site-packages\dbt\include\starter_project
[0m03:16:20.397623 [info ] [MainThread]: 
Your new dbt project "banking_insights" was created!

For more information on how to configure the profiles.yml file,
please consult the dbt documentation here:

  https://docs.getdbt.com/docs/configure-your-profile

One more thing:

Need help? Don't hesitate to reach out to us via GitHub issues or on Slack:

  https://community.getdbt.com/

Happy modeling!

[0m03:16:20.403227 [info ] [MainThread]: Setting up your profile.
[0m03:16:34.966144 [debug] [MainThread]: Snowflake adapter: Setting snowflake.connector to ERROR (file logging only)
[0m03:16:34.966144 [debug] [MainThread]: Snowflake adapter: Setting botocore to ERROR (file logging only)
[0m03:16:34.966144 [debug] [MainThread]: Snowflake adapter: Setting boto3 to ERROR (file logging only)
[0m03:30:47.580582 [info ] [MainThread]: Profile banking_insights written to C:\Users\MSI\.dbt\profiles.yml using target's profile_template.yml and your supplied values. Run 'dbt debug' to validate the connection.
[0m03:30:47.587385 [debug] [MainThread]: Command `dbt init` succeeded at 03:30:47.587385 after 1171.11 seconds
[0m03:30:47.587385 [debug] [MainThread]: Sending event: {'category': 'dbt', 'action': 'invocation', 'label': 'end', 'context': [<snowplow_tracker.self_describing_json.SelfDescribingJson object at 0x000001312855FBC0>, <snowplow_tracker.self_describing_json.SelfDescribingJson object at 0x000001312EB11C40>, <snowplow_tracker.self_describing_json.SelfDescribingJson object at 0x000001312D2240B0>]}
[0m03:30:47.588387 [debug] [MainThread]: Flushing usage events
[0m03:30:48.690561 [debug] [MainThread]: An error was encountered while trying to flush usage events
[0m03:34:07.869332 [debug] [MainThread]: Sending event: {'category': 'dbt', 'action': 'invocation', 'label': 'start', 'context': [<snowplow_tracker.self_describing_json.SelfDescribingJson object at 0x00000164F16C8C20>, <snowplow_tracker.self_describing_json.SelfDescribingJson object at 0x00000164F49CFC50>, <snowplow_tracker.self_describing_json.SelfDescribingJson object at 0x00000164F49CF770>]}


============================== 03:34:07.879346 | 69ca222c-d5a8-4900-b589-8e9ef39b874b ==============================
[0m03:34:07.879346 [info ] [MainThread]: Running with dbt=1.11.7
[0m03:34:07.889345 [debug] [MainThread]: running dbt with arguments {'version_check': 'True', 'no_print': 'None', 'static_parser': 'True', 'target_path': 'None', 'warn_error_options': 'WarnErrorOptionsV2(error=[], warn=[], silence=[])', 'printer_width': '80', 'write_json': 'True', 'introspect': 'True', 'log_cache_events': 'False', 'empty': 'None', 'cache_selected_only': 'False', 'fail_fast': 'False', 'debug': 'False', 'log_format': 'default', 'profiles_dir': 'C:\\Users\\MSI\\Dropbox\\Mon PC (DESKTOP-LC36MF4)\\Desktop\\banking-insights-pipeline\\dbt', 'send_anonymous_usage_stats': 'True', 'quiet': 'False', 'warn_error': 'None', 'partial_parse': 'True', 'use_colors': 'True', 'indirect_selection': 'eager', 'invocation_command': 'dbt debug', 'use_experimental_parser': 'False', 'log_path': 'logs'}
[0m03:34:08.020430 [info ] [MainThread]: dbt version: 1.11.7
[0m03:34:08.025721 [info ] [MainThread]: python version: 3.12.9
[0m03:34:08.026720 [info ] [MainThread]: python path: C:\Users\MSI\Dropbox\Mon PC (DESKTOP-LC36MF4)\Desktop\banking-insights-pipeline\dbt\.venv\Scripts\python.exe
[0m03:34:08.026720 [info ] [MainThread]: os info: Windows-10-10.0.19045-SP0
[0m03:34:10.331236 [debug] [MainThread]: Snowflake adapter: Setting snowflake.connector to ERROR (file logging only)
[0m03:34:10.331236 [debug] [MainThread]: Snowflake adapter: Setting botocore to ERROR (file logging only)
[0m03:34:10.331236 [debug] [MainThread]: Snowflake adapter: Setting boto3 to ERROR (file logging only)
[0m03:34:10.461236 [info ] [MainThread]: Using profiles dir at C:\Users\MSI\Dropbox\Mon PC (DESKTOP-LC36MF4)\Desktop\banking-insights-pipeline\dbt
[0m03:34:10.461236 [info ] [MainThread]: Using profiles.yml file at C:\Users\MSI\Dropbox\Mon PC (DESKTOP-LC36MF4)\Desktop\banking-insights-pipeline\dbt\profiles.yml
[0m03:34:10.461236 [info ] [MainThread]: Using dbt_project.yml file at C:\Users\MSI\Dropbox\Mon PC (DESKTOP-LC36MF4)\Desktop\banking-insights-pipeline\dbt\dbt_project.yml
[0m03:34:10.471235 [info ] [MainThread]: adapter type: snowflake
[0m03:34:10.471235 [info ] [MainThread]: adapter version: 1.11.3
[0m03:34:10.473546 [info ] [MainThread]: Configuration:
[0m03:34:10.474546 [info ] [MainThread]:   profiles.yml file [[32mOK found and valid[0m]
[0m03:34:10.474546 [info ] [MainThread]:   dbt_project.yml file [[31mERROR not found[0m]
[0m03:34:10.474546 [info ] [MainThread]: Required dependencies:
[0m03:34:10.475546 [debug] [MainThread]: Executing "git --help"
[0m03:34:10.529296 [debug] [MainThread]: STDOUT: "b"usage: git [-v | --version] [-h | --help] [-C <path>] [-c <name>=<value>]\n           [--exec-path[=<path>]] [--html-path] [--man-path] [--info-path]\n           [-p | --paginate | -P | --no-pager] [--no-replace-objects] [--no-lazy-fetch]\n           [--no-optional-locks] [--no-advice] [--bare] [--git-dir=<path>]\n           [--work-tree=<path>] [--namespace=<name>] [--config-env=<name>=<envvar>]\n           <command> [<args>]\n\nThese are common Git commands used in various situations:\n\nstart a working area (see also: git help tutorial)\n   clone     Clone a repository into a new directory\n   init      Create an empty Git repository or reinitialize an existing one\n\nwork on the current change (see also: git help everyday)\n   add       Add file contents to the index\n   mv        Move or rename a file, a directory, or a symlink\n   restore   Restore working tree files\n   rm        Remove files from the working tree and from the index\n\nexamine the history and state (see also: git help revisions)\n   bisect    Use binary search to find the commit that introduced a bug\n   diff      Show changes between commits, commit and working tree, etc\n   grep      Print lines matching a pattern\n   log       Show commit logs\n   show      Show various types of objects\n   status    Show the working tree status\n\ngrow, mark and tweak your common history\n   branch    List, create, or delete branches\n   commit    Record changes to the repository\n   merge     Join two or more development histories together\n   rebase    Reapply commits on top of another base tip\n   reset     Reset current HEAD to the specified state\n   switch    Switch branches\n   tag       Create, list, delete or verify a tag object signed with GPG\n\ncollaborate (see also: git help workflows)\n   fetch     Download objects and refs from another repository\n   pull      Fetch from and integrate with another repository or a local branch\n   push      Update remote refs along with associated objects\n\n'git help -a' and 'git help -g' list available subcommands and some\nconcept guides. See 'git help <command>' or 'git help <concept>'\nto read about a specific subcommand or concept.\nSee 'git help git' for an overview of the system.\n""
[0m03:34:10.529296 [debug] [MainThread]: STDERR: "b''"
[0m03:34:10.530346 [info ] [MainThread]:  - git [[32mOK found[0m]

[0m03:34:10.530346 [info ] [MainThread]: Connection:
[0m03:34:10.531385 [info ] [MainThread]:   account: DUTFEHS-EM46938
[0m03:34:10.531385 [info ] [MainThread]:   user: MCLOVIN
[0m03:34:10.532390 [info ] [MainThread]:   database: banking_db
[0m03:34:10.533100 [info ] [MainThread]:   warehouse: banking_warehouse
[0m03:34:10.533850 [info ] [MainThread]:   role: rl_dbt
[0m03:34:10.533850 [info ] [MainThread]:   schema: raw
[0m03:34:10.535107 [info ] [MainThread]:   authenticator: None
[0m03:34:10.536123 [info ] [MainThread]:   oauth_client_id: None
[0m03:34:10.536123 [info ] [MainThread]:   query_tag: None
[0m03:34:10.537141 [info ] [MainThread]:   client_session_keep_alive: False
[0m03:34:10.537141 [info ] [MainThread]:   host: None
[0m03:34:10.537924 [info ] [MainThread]:   port: None
[0m03:34:10.538419 [info ] [MainThread]:   proxy_host: None
[0m03:34:10.538419 [info ] [MainThread]:   proxy_port: None
[0m03:34:10.539425 [info ] [MainThread]:   protocol: None
[0m03:34:10.539425 [info ] [MainThread]:   connect_retries: 1
[0m03:34:10.540424 [info ] [MainThread]:   connect_timeout: None
[0m03:34:10.540424 [info ] [MainThread]:   retry_on_database_errors: False
[0m03:34:10.541425 [info ] [MainThread]:   retry_all: False
[0m03:34:10.541425 [info ] [MainThread]:   insecure_mode: False
[0m03:34:10.542505 [info ] [MainThread]:   reuse_connections: True
[0m03:34:10.543443 [info ] [MainThread]:   s3_stage_vpce_dns_name: None
[0m03:34:10.544438 [info ] [MainThread]:   platform_detection_timeout_seconds: 0.0
[0m03:34:10.545432 [info ] [MainThread]: Registered adapter: snowflake=1.11.3
[0m03:34:10.914429 [debug] [MainThread]: Acquiring new snowflake connection 'debug'
[0m03:34:11.109623 [debug] [MainThread]: Using snowflake connection "debug"
[0m03:34:11.109623 [debug] [MainThread]: On debug: select 1 as id
[0m03:34:11.109623 [debug] [MainThread]: Opening a new connection, currently in state init
[0m03:34:14.742829 [debug] [MainThread]: SQL status: SUCCESS 1 in 3.631 seconds
[0m03:34:14.742829 [info ] [MainThread]:   Connection test: [[32mOK connection ok[0m]

[0m03:34:14.742829 [info ] [MainThread]: [31m1 check failed:[0m
[0m03:34:14.742829 [info ] [MainThread]: Project loading failed for the following reason:
 project path <C:\Users\MSI\Dropbox\Mon PC (DESKTOP-LC36MF4)\Desktop\banking-insights-pipeline\dbt\dbt_project.yml> not found

[0m03:34:14.742829 [debug] [MainThread]: Command `dbt debug` failed at 03:34:14.742829 after 7.05 seconds
[0m03:34:14.742829 [debug] [MainThread]: Connection 'debug' was left open.
[0m03:34:14.742829 [debug] [MainThread]: On debug: Close
[0m03:34:15.213236 [debug] [MainThread]: Sending event: {'category': 'dbt', 'action': 'invocation', 'label': 'end', 'context': [<snowplow_tracker.self_describing_json.SelfDescribingJson object at 0x00000164F16C8C20>, <snowplow_tracker.self_describing_json.SelfDescribingJson object at 0x00000164F6B68050>, <snowplow_tracker.self_describing_json.SelfDescribingJson object at 0x00000164F6B05280>]}
[0m03:34:15.213236 [debug] [MainThread]: Flushing usage events
[0m03:34:16.311465 [debug] [MainThread]: An error was encountered while trying to flush usage events
